<?xml version="1.0" encoding="UTF-8"?>
<!-- Generated by org.testng.reporters.JUnitXMLReporter -->
<testsuite ignored="0" hostname="DESKTOP-J47KP1R" failures="1" tests="1" name="TestFirst" time="9.235" errors="0" timestamp="2024-06-20T11:42:19 IST">
  <testcase classname="testng.selenium.EdgeBR" name="openChromeBr" time="9.122">
    <failure type="java.lang.AssertionError" message="expected [false] but found [true]">
      <![CDATA[java.lang.AssertionError: expected [false] but found [true]
at testng.selenium.EdgeBR.openChromeBr(EdgeBR.java:16)
at java.base/java.util.ArrayList.forEach(ArrayList.java:1511)
... Removed 31 stack frames]]>
    </failure>
  </testcase> <!-- openChromeBr -->
</testsuite> <!-- TestFirst -->
